<?xml version="1.0" encoding="UTF-8"?>
<!-- Generated by org.testng.reporters.JUnitReportReporter -->
<testsuite hostname="IN-7VWVN13" failures="0" tests="2" name="AmazonTest.LoginPageTest" time="19.204" errors="0" timestamp="2022-10-30T10:02:04 IST" skipped="0">
  <testcase classname="AmazonTest.LoginPageTest" name="loginPageTitleTest" time="6.502"/>
  <system-out/>
  <testcase classname="AmazonTest.LoginPageTest" name="loginTest" time="12.702"/>
  <system-out/>
</testsuite> <!-- AmazonTest.LoginPageTest -->
