<?xml version="1.0" encoding="UTF-8"?>
<!-- Generated by org.testng.reporters.JUnitReportReporter -->
<testsuite hostname="IN-7VWVN13" failures="0" tests="3" name="AmazonTestWithHeadless.AccountPageTest1" time="44.603" errors="0" timestamp="2022-11-02T19:00:10 IST" skipped="0">
  <testcase classname="AmazonTestWithHeadless.AccountPageTest1" name="verifyYourAccountLableTest" time="16.070"/>
  <system-out/>
  <testcase classname="AmazonTestWithHeadless.AccountPageTest1" name="verifyYourOrderBoxInAccountPageTest" time="15.099"/>
  <system-out/>
  <testcase classname="AmazonTestWithHeadless.AccountPageTest1" name="verifyLoginAndSecurityinAccountPageTest" time="13.434"/>
  <system-out/>
</testsuite> <!-- AmazonTestWithHeadless.AccountPageTest1 -->
