<?xml version="1.0" encoding="UTF-8"?>
<!-- Generated by org.testng.reporters.JUnitReportReporter -->
<testsuite hostname="IN-7VWVN13" failures="0" tests="1" name="AmazonTestWithLogin.SignUpPageTset" time="10.386" errors="0" timestamp="2022-11-03T01:27:13 IST" skipped="0">
  <testcase classname="AmazonTestWithLogin.SignUpPageTset" name="verifySignUpPageTest" time="10.386"/>
  <system-out/>
</testsuite> <!-- AmazonTestWithLogin.SignUpPageTset -->
