<?xml version="1.0" encoding="UTF-8"?>
<!-- Generated by org.testng.reporters.JUnitReportReporter -->
<testsuite hostname="IN-7VWVN13" failures="0" tests="4" name="AmazonTestWithHeadless.HomePageTest1" time="36.605" errors="0" timestamp="2022-11-02T10:38:43 IST" skipped="0">
  <testcase classname="AmazonTestWithHeadless.HomePageTest1" name="verifyHomePageTitleTest" time="7.808"/>
  <system-out/>
  <testcase classname="AmazonTestWithHeadless.HomePageTest1" name="verifyUserName" time="7.417"/>
  <system-out/>
  <testcase classname="AmazonTestWithHeadless.HomePageTest1" name="verifyAddToCardLink" time="9.945"/>
  <system-out/>
  <testcase classname="AmazonTestWithHeadless.HomePageTest1" name="verifyScrollDownHomePageTest" time="11.435"/>
  <system-out/>
</testsuite> <!-- AmazonTestWithHeadless.HomePageTest1 -->
