<?xml version="1.0" encoding="UTF-8"?>
<!-- Generated by org.testng.reporters.JUnitReportReporter -->
<testsuite hostname="IN-7VWVN13" failures="0" tests="1" name="AmazonTest.DefaultPageTest" time="7.814" errors="0" timestamp="2022-10-30T16:38:30 IST" skipped="0">
  <testcase classname="AmazonTest.DefaultPageTest" name="verifyDeliveryTest" time="7.814"/>
  <system-out/>
</testsuite> <!-- AmazonTest.DefaultPageTest -->
