<?xml version="1.0" encoding="UTF-8"?>
<!-- Generated by org.testng.reporters.JUnitReportReporter -->
<testsuite hostname="IN-7VWVN13" failures="0" tests="1" name="AmazonTestWithHeadless.DeliverAddressPageTest1" time="12.033" errors="0" timestamp="2022-11-02T10:38:43 IST" skipped="0">
  <testcase classname="AmazonTestWithHeadless.DeliverAddressPageTest1" name="verifyDeliveryPageTest" time="12.033"/>
  <system-out/>
</testsuite> <!-- AmazonTestWithHeadless.DeliverAddressPageTest1 -->
