<?xml version="1.0" encoding="UTF-8"?>
<!-- Generated by org.testng.reporters.JUnitReportReporter -->
<testsuite hostname="IN-7VWVN13" failures="0" tests="1" name="AmazonTest.DeepakPageTest" time="9.163" errors="0" timestamp="2022-10-30T17:16:51 IST" skipped="0">
  <testcase classname="AmazonTest.DeepakPageTest" name="verifyDeliveryTest" time="9.163"/>
  <system-out/>
</testsuite> <!-- AmazonTest.DeepakPageTest -->
