<?xml version="1.0" encoding="UTF-8"?>
<!-- Generated by org.testng.reporters.JUnitReportReporter -->
<testsuite hostname="IN-7VWVN13" failures="0" tests="1" name="AmazonTestWithHeadless.RegistrationPageTest1" time="7.009" errors="0" timestamp="2022-11-02T10:12:04 IST" skipped="0">
  <testcase classname="AmazonTestWithHeadless.RegistrationPageTest1" name="verifyRegistrationPageTest" time="7.009"/>
  <system-out/>
</testsuite> <!-- AmazonTestWithHeadless.RegistrationPageTest1 -->
