<?xml version="1.0" encoding="UTF-8"?>
<!-- Generated by org.testng.reporters.JUnitReportReporter -->
<testsuite hostname="IN-7VWVN13" failures="0" tests="1" name="AmazonTest.DeliverAddressPageTest" time="12.175" errors="0" timestamp="2022-10-30T17:29:05 IST" skipped="0">
  <testcase classname="AmazonTest.DeliverAddressPageTest" name="verifyDeliveryPageTest" time="12.175"/>
  <system-out/>
</testsuite> <!-- AmazonTest.DeliverAddressPageTest -->
