<?xml version="1.0" encoding="UTF-8"?>
<!-- Generated by org.testng.reporters.JUnitReportReporter -->
<testsuite hostname="IN-7VWVN13" failures="0" tests="1" name="AmazonTestWithHeadless.AddToCartTest1" time="5.644" errors="0" timestamp="2022-11-02T10:38:43 IST" skipped="0">
  <testcase classname="AmazonTestWithHeadless.AddToCartTest1" name="verifyAddTocardLableTest" time="5.644"/>
  <system-out/>
</testsuite> <!-- AmazonTestWithHeadless.AddToCartTest1 -->
