<?xml version="1.0" encoding="UTF-8"?>
<!-- Generated by org.testng.reporters.JUnitReportReporter -->
<testsuite hostname="IN-7VWVN13" failures="0" tests="2" name="AmazonTestWithHeadless.LoginPageTest1" time="12.274" errors="0" timestamp="2022-11-02T10:38:43 IST" skipped="0">
  <testcase classname="AmazonTestWithHeadless.LoginPageTest1" name="loginPageTitleTest" time="3.649"/>
  <system-out/>
  <testcase classname="AmazonTestWithHeadless.LoginPageTest1" name="loginTest" time="8.625"/>
  <system-out/>
</testsuite> <!-- AmazonTestWithHeadless.LoginPageTest1 -->
