<?xml version="1.0" encoding="UTF-8"?>
<!-- Generated by org.testng.reporters.JUnitReportReporter -->
<testsuite hostname="IN-7VWVN13" failures="0" tests="1" name="AmazonTest.AddToCartTest" time="15.286" errors="0" timestamp="2022-10-30T10:00:36 IST" skipped="0">
  <testcase classname="AmazonTest.AddToCartTest" name="verifyAddTocardLableTest" time="15.286"/>
  <system-out/>
</testsuite> <!-- AmazonTest.AddToCartTest -->
