<?xml version="1.0" encoding="UTF-8"?>
<!-- Generated by org.testng.reporters.JUnitReportReporter -->
<testsuite hostname="IN-7VWVN13" failures="0" tests="2" name="AmazonTestWithLogin.LoginPageTest" time="11.678" errors="0" timestamp="2022-11-03T01:27:13 IST" skipped="0">
  <testcase classname="AmazonTestWithLogin.LoginPageTest" name="loginPageTitleTest" time="4.183"/>
  <system-out/>
  <testcase classname="AmazonTestWithLogin.LoginPageTest" name="loginTest" time="7.495"/>
  <system-out/>
</testsuite> <!-- AmazonTestWithLogin.LoginPageTest -->
