<?xml version="1.0" encoding="UTF-8"?>
<!-- Generated by org.testng.reporters.JUnitReportReporter -->
<testsuite hostname="IN-7VWVN13" failures="0" tests="1" name="AmazonTestWithLogin.RegistrationPageTest" time="15.007" errors="0" timestamp="2022-11-02T22:12:20 IST" skipped="0">
  <testcase classname="AmazonTestWithLogin.RegistrationPageTest" name="verifyRegistrationPageTest" time="15.007"/>
  <system-out/>
</testsuite> <!-- AmazonTestWithLogin.RegistrationPageTest -->
