<?xml version="1.0" encoding="UTF-8"?>
<!-- Generated by org.testng.reporters.JUnitReportReporter -->
<testsuite hostname="IN-7VWVN13" failures="0" tests="1" name="AmazonTestWithoutLogin.DeliveyPageTest" time="6.859" errors="0" timestamp="2022-11-02T09:34:59 IST" skipped="0">
  <testcase classname="AmazonTestWithoutLogin.DeliveyPageTest" name="verifyDeliveryTest" time="6.859"/>
  <system-out/>
</testsuite> <!-- AmazonTestWithoutLogin.DeliveyPageTest -->
