<?xml version="1.0" encoding="UTF-8"?>
<!-- Generated by org.testng.reporters.JUnitReportReporter -->
<testsuite hostname="IN-7VWVN13" failures="0" tests="1" name="AmazonTestWithHeadless.DeliveyPageTest" time="5.458" errors="0" timestamp="2022-11-02T09:49:39 IST" skipped="0">
  <testcase classname="AmazonTestWithHeadless.DeliveyPageTest" name="verifyDeliveryTest" time="5.458"/>
  <system-out/>
</testsuite> <!-- AmazonTestWithHeadless.DeliveyPageTest -->
