<?xml version="1.0" encoding="UTF-8"?>
<!-- Generated by org.testng.reporters.JUnitReportReporter -->
<testsuite hostname="IN-7VWVN13" failures="0" tests="3" name="AmazonTest.HomePageTest" time="37.333" errors="0" timestamp="2022-10-30T10:01:27 IST" skipped="0">
  <testcase classname="AmazonTest.HomePageTest" name="verifyHomePageTitleTest" time="12.012"/>
  <system-out/>
  <testcase classname="AmazonTest.HomePageTest" name="verifyUserName" time="10.192"/>
  <system-out/>
  <testcase classname="AmazonTest.HomePageTest" name="verifyAddToCardLink" time="15.129"/>
  <system-out/>
</testsuite> <!-- AmazonTest.HomePageTest -->
